yarn run v1.22.19
$ storybook build --output-dir C:\Users\DVELAZ~1\AppData\Local\Temp\5\chromatic--21048-IfaHi0Ok64ER
@storybook/cli v7.4.5

info => Cleaning outputDir: C:\Users\DVELAZ~1\AppData\Local\Temp\5\chromatic--21048-IfaHi0Ok64ER
info => Loading presets
info => Building manager..
info => Manager built (511 ms)
info => Copying static files: C:\Users\dvelazquez\Code\study\learnstorybook-design-system\node_modules\@storybook\manager\static at C:\Users\DVELAZ~1\AppData\Local\Temp\5\chromatic--21048-IfaHi0Ok64ER\sb-common-assets
WARN No story files found for the specified pattern: src\**\*.mdx
[36mvite v4.4.9 [32mbuilding for production...[36m[39m

./sb-common-assets/fonts.css doesn't exist at build time, it will remain unchanged to be resolved at runtime
transforming...
node_modules/telejson/dist/index.mjs (1413:15) Use of eval in "node_modules/telejson/dist/index.mjs" is strongly discouraged as it poses security risks and may cause issues with minification.
node_modules/telejson/dist/index.mjs (1416:18) Use of eval in "node_modules/telejson/dist/index.mjs" is strongly discouraged as it poses security risks and may cause issues with minification.
[32m✓[39m 616 modules transformed.
rendering chunks...
computing gzip size...
[2m../../../../DVELAZ~1/AppData/Local/Temp/5/chromatic--21048-IfaHi0Ok64ER/[22m[32miframe.html                                                                 [39m[1m[2m 12.75 kB[22m[1m[22m[2m │ gzip:   3.57 kB[22m
[2m../../../../DVELAZ~1/AppData/Local/Temp/5/chromatic--21048-IfaHi0Ok64ER/[22m[36massets/emotion-use-insertion-effect-with-fallbacks.browser.esm-95ca0d59.js  [39m[1m[2m  0.28 kB[22m[1m[22m[2m │ gzip:   0.23 kB[22m[2m │ map:     1.16 kB[22m
[2m../../../../DVELAZ~1/AppData/Local/Temp/5/chromatic--21048-IfaHi0Ok64ER/[22m[36massets/extends-98964cd2.js                                                  [39m[1m[2m  0.29 kB[22m[1m[22m[2m │ gzip:   0.23 kB[22m[2m │ map:     1.01 kB[22m
[2m../../../../DVELAZ~1/AppData/Local/Temp/5/chromatic--21048-IfaHi0Ok64ER/[22m[36massets/WithTooltip-J57HCPYA-943b0d4e.js                                     [39m[1m[2m  0.56 kB[22m[1m[22m[2m │ gzip:   0.34 kB[22m[2m │ map:     0.11 kB[22m
[2m../../../../DVELAZ~1/AppData/Local/Temp/5/chromatic--21048-IfaHi0Ok64ER/[22m[36massets/syntaxhighlighter-PONEFOSF-c166eb4b.js                               [39m[1m[2m  0.58 kB[22m[1m[22m[2m │ gzip:   0.37 kB[22m[2m │ map:     0.12 kB[22m
[2m../../../../DVELAZ~1/AppData/Local/Temp/5/chromatic--21048-IfaHi0Ok64ER/[22m[36massets/preview-21b9c114.js                                                  [39m[1m[2m  0.62 kB[22m[1m[22m[2m │ gzip:   0.40 kB[22m[2m │ map:     0.56 kB[22m
[2m../../../../DVELAZ~1/AppData/Local/Temp/5/chromatic--21048-IfaHi0Ok64ER/[22m[36massets/index-1b3623af.js                                                    [39m[1m[2m  0.62 kB[22m[1m[22m[2m │ gzip:   0.38 kB[22m[2m │ map:     4.29 kB[22m
[2m../../../../DVELAZ~1/AppData/Local/Temp/5/chromatic--21048-IfaHi0Ok64ER/[22m[36massets/preview-06eb91f1.js                                                  [39m[1m[2m  0.63 kB[22m[1m[22m[2m │ gzip:   0.41 kB[22m[2m │ map:     2.33 kB[22m
[2m../../../../DVELAZ~1/AppData/Local/Temp/5/chromatic--21048-IfaHi0Ok64ER/[22m[36massets/preview-87eac49b.js                                                  [39m[1m[2m  0.68 kB[22m[1m[22m[2m │ gzip:   0.48 kB[22m[2m │ map:     3.95 kB[22m
[2m../../../../DVELAZ~1/AppData/Local/Temp/5/chromatic--21048-IfaHi0Ok64ER/[22m[36massets/_commonjsHelpers-de833af9.js                                         [39m[1m[2m  0.75 kB[22m[1m[22m[2m │ gzip:   0.43 kB[22m[2m │ map:     0.11 kB[22m
[2m../../../../DVELAZ~1/AppData/Local/Temp/5/chromatic--21048-IfaHi0Ok64ER/[22m[36massets/index-356e4a49.js                                                    [39m[1m[2m  0.81 kB[22m[1m[22m[2m │ gzip:   0.51 kB[22m[2m │ map:     3.28 kB[22m
[2m../../../../DVELAZ~1/AppData/Local/Temp/5/chromatic--21048-IfaHi0Ok64ER/[22m[36massets/index-8d47fad6.js                                                    [39m[1m[2m  0.84 kB[22m[1m[22m[2m │ gzip:   0.55 kB[22m[2m │ map:     4.14 kB[22m
[2m../../../../DVELAZ~1/AppData/Local/Temp/5/chromatic--21048-IfaHi0Ok64ER/[22m[36massets/preview-b3c37142.js                                                  [39m[1m[2m  0.90 kB[22m[1m[22m[2m │ gzip:   0.59 kB[22m[2m │ map:     3.00 kB[22m
[2m../../../../DVELAZ~1/AppData/Local/Temp/5/chromatic--21048-IfaHi0Ok64ER/[22m[36massets/StoryLinkWrapper-7d4a08a6.js                                         [39m[1m[2m  1.11 kB[22m[1m[22m[2m │ gzip:   0.53 kB[22m[2m │ map:     1.93 kB[22m
[2m../../../../DVELAZ~1/AppData/Local/Temp/5/chromatic--21048-IfaHi0Ok64ER/[22m[36massets/animation-7480a637.js                                                [39m[1m[2m  1.24 kB[22m[1m[22m[2m │ gzip:   0.43 kB[22m[2m │ map:     2.18 kB[22m
[2m../../../../DVELAZ~1/AppData/Local/Temp/5/chromatic--21048-IfaHi0Ok64ER/[22m[36massets/preview-0e6b9f57.js                                                  [39m[1m[2m  1.82 kB[22m[1m[22m[2m │ gzip:   0.97 kB[22m[2m │ map:     3.80 kB[22m
[2m../../../../DVELAZ~1/AppData/Local/Temp/5/chromatic--21048-IfaHi0Ok64ER/[22m[36massets/chunk-AY7I2SME-5eb1ab46.js                                           [39m[1m[2m  1.87 kB[22m[1m[22m[2m │ gzip:   1.02 kB[22m[2m │ map:     8.89 kB[22m
[2m../../../../DVELAZ~1/AppData/Local/Temp/5/chromatic--21048-IfaHi0Ok64ER/[22m[36massets/styles-b73c6763.js                                                   [39m[1m[2m  2.13 kB[22m[1m[22m[2m │ gzip:   1.20 kB[22m[2m │ map:    19.76 kB[22m
[2m../../../../DVELAZ~1/AppData/Local/Temp/5/chromatic--21048-IfaHi0Ok64ER/[22m[36massets/index-d37d4223.js                                                    [39m[1m[2m  2.63 kB[22m[1m[22m[2m │ gzip:   1.30 kB[22m[2m │ map:     7.49 kB[22m
[2m../../../../DVELAZ~1/AppData/Local/Temp/5/chromatic--21048-IfaHi0Ok64ER/[22m[36massets/preview-15309724.js                                                  [39m[1m[2m  3.22 kB[22m[1m[22m[2m │ gzip:   1.39 kB[22m[2m │ map:    10.27 kB[22m
[2m../../../../DVELAZ~1/AppData/Local/Temp/5/chromatic--21048-IfaHi0Ok64ER/[22m[36massets/Icon.stories-07fd0f22.js                                             [39m[1m[2m  3.25 kB[22m[1m[22m[2m │ gzip:   1.28 kB[22m[2m │ map:     0.14 kB[22m
[2m../../../../DVELAZ~1/AppData/Local/Temp/5/chromatic--21048-IfaHi0Ok64ER/[22m[36massets/Badge.stories-4637a3a5.js                                            [39m[1m[2m  4.89 kB[22m[1m[22m[2m │ gzip:   1.61 kB[22m[2m │ map:     2.71 kB[22m
[2m../../../../DVELAZ~1/AppData/Local/Temp/5/chromatic--21048-IfaHi0Ok64ER/[22m[36massets/iframe-29fe0d27.js                                                   [39m[1m[2m  5.99 kB[22m[1m[22m[2m │ gzip:   1.87 kB[22m[2m │ map:     5.56 kB[22m
[2m../../../../DVELAZ~1/AppData/Local/Temp/5/chromatic--21048-IfaHi0Ok64ER/[22m[36massets/Avatar.stories-93fd20dd.js                                           [39m[1m[2m  6.83 kB[22m[1m[22m[2m │ gzip:   2.23 kB[22m[2m │ map:     5.92 kB[22m
[2m../../../../DVELAZ~1/AppData/Local/Temp/5/chromatic--21048-IfaHi0Ok64ER/[22m[36massets/index-8ee6c85d.js                                                    [39m[1m[2m  7.21 kB[22m[1m[22m[2m │ gzip:   2.95 kB[22m[2m │ map:    15.74 kB[22m
[2m../../../../DVELAZ~1/AppData/Local/Temp/5/chromatic--21048-IfaHi0Ok64ER/[22m[36massets/Link.stories-2cff9127.js                                             [39m[1m[2m  7.32 kB[22m[1m[22m[2m │ gzip:   2.30 kB[22m[2m │ map:     6.74 kB[22m
[2m../../../../DVELAZ~1/AppData/Local/Temp/5/chromatic--21048-IfaHi0Ok64ER/[22m[36massets/preview-b8d6c68d.js                                                  [39m[1m[2m  7.67 kB[22m[1m[22m[2m │ gzip:   1.59 kB[22m[2m │ map:    14.26 kB[22m
[2m../../../../DVELAZ~1/AppData/Local/Temp/5/chromatic--21048-IfaHi0Ok64ER/[22m[36massets/preview-2059b184.js                                                  [39m[1m[2m  8.32 kB[22m[1m[22m[2m │ gzip:   3.20 kB[22m[2m │ map:    29.48 kB[22m
[2m../../../../DVELAZ~1/AppData/Local/Temp/5/chromatic--21048-IfaHi0Ok64ER/[22m[36massets/polished.esm-ed3ce7df.js                                             [39m[1m[2m 10.73 kB[22m[1m[22m[2m │ gzip:   3.85 kB[22m[2m │ map:   149.39 kB[22m
[2m../../../../DVELAZ~1/AppData/Local/Temp/5/chromatic--21048-IfaHi0Ok64ER/[22m[36massets/GlobalScrollAreaStyles-UY5SB7EJ-eecadc52.js                          [39m[1m[2m 15.16 kB[22m[1m[22m[2m │ gzip:   2.89 kB[22m[2m │ map:    21.43 kB[22m
[2m../../../../DVELAZ~1/AppData/Local/Temp/5/chromatic--21048-IfaHi0Ok64ER/[22m[36massets/emotion-react-jsx-runtime.browser.esm-a3286a81.js                    [39m[1m[2m 18.41 kB[22m[1m[22m[2m │ gzip:   7.37 kB[22m[2m │ map:   109.58 kB[22m
[2m../../../../DVELAZ~1/AppData/Local/Temp/5/chromatic--21048-IfaHi0Ok64ER/[22m[36massets/preview-6751e51d.js                                                  [39m[1m[2m 21.12 kB[22m[1m[22m[2m │ gzip:   7.00 kB[22m[2m │ map:    68.40 kB[22m
[2m../../../../DVELAZ~1/AppData/Local/Temp/5/chromatic--21048-IfaHi0Ok64ER/[22m[36massets/Button.stories-15b0e560.js                                           [39m[1m[2m 22.77 kB[22m[1m[22m[2m │ gzip:   3.89 kB[22m[2m │ map:    15.97 kB[22m
[2m../../../../DVELAZ~1/AppData/Local/Temp/5/chromatic--21048-IfaHi0Ok64ER/[22m[36massets/OverlayScrollbars-GZGLA7DL-5b3dc938.js                               [39m[1m[2m 28.95 kB[22m[1m[22m[2m │ gzip:  14.21 kB[22m[2m │ map:   108.16 kB[22m
[2m../../../../DVELAZ~1/AppData/Local/Temp/5/chromatic--21048-IfaHi0Ok64ER/[22m[36massets/Color-6VNJS4EI-c88b63d0.js                                           [39m[1m[2m 31.17 kB[22m[1m[22m[2m │ gzip:  11.73 kB[22m[2m │ map:   112.85 kB[22m
[2m../../../../DVELAZ~1/AppData/Local/Temp/5/chromatic--21048-IfaHi0Ok64ER/[22m[36massets/Icon-0186d881.js                                                     [39m[1m[2m140.20 kB[22m[1m[22m[2m │ gzip:  51.45 kB[22m[2m │ map:   155.02 kB[22m
[2m../../../../DVELAZ~1/AppData/Local/Temp/5/chromatic--21048-IfaHi0Ok64ER/[22m[36massets/_getPrototype-4154bc7e.js                                            [39m[1m[2m213.04 kB[22m[1m[22m[2m │ gzip:  66.68 kB[22m[2m │ map:   657.60 kB[22m
[2m../../../../DVELAZ~1/AppData/Local/Temp/5/chromatic--21048-IfaHi0Ok64ER/[22m[36massets/config-89d9b43a.js                                                   [39m[1m[2m213.46 kB[22m[1m[22m[2m │ gzip:  66.37 kB[22m[2m │ map:   803.82 kB[22m
[2m../../../../DVELAZ~1/AppData/Local/Temp/5/chromatic--21048-IfaHi0Ok64ER/[22m[36massets/DocsRenderer-3PUGWF3O-74625d4e.js                                    [39m[1m[33m507.60 kB[39m[22m[2m │ gzip: 166.41 kB[22m[2m │ map: 1,337.71 kB[22m
[2m../../../../DVELAZ~1/AppData/Local/Temp/5/chromatic--21048-IfaHi0Ok64ER/[22m[36massets/formatter-SWP5E3XI-c231579f.js                                       [39m[1m[33m601.76 kB[39m[22m[2m │ gzip: 185.12 kB[22m[2m │ map: 1,318.61 kB[22m
[33m
(!) Some chunks are larger than 500 kBs after minification. Consider:
- Using dynamic import() to code-split the application
- Use build.rollupOptions.output.manualChunks to improve chunking: https://rollupjs.org/configuration-options/#output-manualchunks
- Adjust chunk size limit for this warning via build.chunkSizeWarningLimit.[39m
[32m✓ built in 10.31s[39m
info => Output directory: C:\Users\DVELAZ~1\AppData\Local\Temp\5\chromatic--21048-IfaHi0Ok64ER
Done in 16.87s.
